2023-12-19 17:01:25,136 INFO o.a.j.u.JMeterUtils: Setting Locale to en_EN
2023-12-19 17:01:25,152 INFO o.a.j.JMeter: Loading user properties from: D:\jmeter\apache-jmeter-5.6.2\bin\user.properties
2023-12-19 17:01:25,167 INFO o.a.j.JMeter: Loading system properties from: D:\jmeter\apache-jmeter-5.6.2\bin\system.properties
2023-12-19 17:01:25,167 INFO o.a.j.JMeter: Copyright (c) 1998-2023 The Apache Software Foundation
2023-12-19 17:01:25,167 INFO o.a.j.JMeter: Version 5.6.2
2023-12-19 17:01:25,167 INFO o.a.j.JMeter: java.version=1.8.0_301
2023-12-19 17:01:25,167 INFO o.a.j.JMeter: java.vm.name=Java HotSpot(TM) Client VM
2023-12-19 17:01:25,167 INFO o.a.j.JMeter: os.name=Windows 10
2023-12-19 17:01:25,167 INFO o.a.j.JMeter: os.arch=x86
2023-12-19 17:01:25,167 INFO o.a.j.JMeter: os.version=10.0
2023-12-19 17:01:25,167 INFO o.a.j.JMeter: file.encoding=Cp1251
2023-12-19 17:01:25,167 INFO o.a.j.JMeter: java.awt.headless=true
2023-12-19 17:01:25,167 INFO o.a.j.JMeter: Max memory     =1073741824
2023-12-19 17:01:25,167 INFO o.a.j.JMeter: Available Processors =12
2023-12-19 17:01:25,167 INFO o.a.j.JMeter: Default Locale=English (EN)
2023-12-19 17:01:25,167 INFO o.a.j.JMeter: JMeter  Locale=English (EN)
2023-12-19 17:01:25,183 INFO o.a.j.JMeter: JMeterHome=D:\jmeter\apache-jmeter-5.6.2
2023-12-19 17:01:25,183 INFO o.a.j.JMeter: user.dir  =D:\jmeter
2023-12-19 17:01:25,183 INFO o.a.j.JMeter: PWD       =D:\jmeter
2023-12-19 17:01:29,705 INFO o.a.j.JMeter: IP: 26.213.40.178 Name: DESKTOP-2MBE3GG FullName: DESKTOP-2MBE3GG
2023-12-19 17:01:29,721 INFO o.a.j.JMeter: Setting property 'jmeter.reportgenerator.outputdir' to:'D:\jmeter\.\res-10'
2023-12-19 17:01:29,721 INFO o.a.j.s.FileServer: Default base='D:\jmeter'
2023-12-19 17:01:29,721 INFO o.a.j.s.FileServer: Set new base='D:\jmeter\.'
2023-12-19 17:01:29,846 INFO o.a.j.s.SaveService: Testplan (JMX) version: 2.2. Testlog (JTL) version: 2.2
2023-12-19 17:01:29,861 INFO o.a.j.s.SaveService: Using SaveService properties file encoding UTF-8
2023-12-19 17:01:29,861 INFO o.a.j.s.SaveService: Using SaveService properties version 5.0
2023-12-19 17:01:29,877 INFO o.a.j.s.SaveService: Loading file: .\10Users.jmx
2023-12-19 17:01:29,955 INFO o.a.j.p.h.s.HTTPSamplerBase: Parser for text/html is org.apache.jmeter.protocol.http.parser.LagartoBasedHtmlParser
2023-12-19 17:01:29,955 INFO o.a.j.p.h.s.HTTPSamplerBase: Parser for application/xhtml+xml is org.apache.jmeter.protocol.http.parser.LagartoBasedHtmlParser
2023-12-19 17:01:29,955 INFO o.a.j.p.h.s.HTTPSamplerBase: Parser for application/xml is org.apache.jmeter.protocol.http.parser.LagartoBasedHtmlParser
2023-12-19 17:01:29,955 INFO o.a.j.p.h.s.HTTPSamplerBase: Parser for text/xml is org.apache.jmeter.protocol.http.parser.LagartoBasedHtmlParser
2023-12-19 17:01:29,955 INFO o.a.j.p.h.s.HTTPSamplerBase: Parser for text/vnd.wap.wml is org.apache.jmeter.protocol.http.parser.RegexpHTMLParser
2023-12-19 17:01:29,955 INFO o.a.j.p.h.s.HTTPSamplerBase: Parser for text/css is org.apache.jmeter.protocol.http.parser.CssParser
2023-12-19 17:01:30,175 INFO o.a.j.JMeter: Creating summariser <summary>
2023-12-19 17:01:30,175 INFO o.a.j.r.d.ReportGenerator: ReportGenerator will use for Parsing the separator: ','
2023-12-19 17:01:30,175 INFO o.a.j.r.d.ReportGenerator: Will generate report at end of test from  results file: log-10.jtl
2023-12-19 17:01:30,175 INFO o.a.j.r.d.ReportGenerator: Reading report generator properties from: D:\jmeter\apache-jmeter-5.6.2\bin\reportgenerator.properties
2023-12-19 17:01:30,175 INFO o.a.j.r.d.ReportGenerator: Merging with JMeter properties
2023-12-19 17:01:30,191 INFO o.a.j.r.c.ReportGeneratorConfiguration: Property 'jmeter.reportgenerator.temp_dir' not found, using default value 'temp' instead.
2023-12-19 17:01:30,191 INFO o.a.j.r.c.ReportGeneratorConfiguration: Property 'jmeter.reportgenerator.apdex_per_transaction' not found, using default value 'null' instead.
2023-12-19 17:01:30,191 INFO o.a.j.r.c.ReportGeneratorConfiguration: apdex_per_transaction is empty, not APDEX per transaction customization
2023-12-19 17:01:30,191 INFO o.a.j.r.c.ReportGeneratorConfiguration: Property 'jmeter.reportgenerator.sample_filter' not found, using default value 'null' instead.
2023-12-19 17:01:30,191 INFO o.a.j.r.c.ReportGeneratorConfiguration: Property 'jmeter.reportgenerator.report_title' not found, using default value 'null' instead.
2023-12-19 17:01:30,191 INFO o.a.j.r.c.ReportGeneratorConfiguration: Property 'jmeter.reportgenerator.start_date' not found, using default value 'null' instead.
2023-12-19 17:01:30,191 INFO o.a.j.r.c.ReportGeneratorConfiguration: Property 'jmeter.reportgenerator.end_date' not found, using default value 'null' instead.
2023-12-19 17:01:30,191 INFO o.a.j.r.c.ReportGeneratorConfiguration: Property 'jmeter.reportgenerator.date_format' not found, using default value 'null' instead.
2023-12-19 17:01:30,191 INFO o.a.j.r.c.ReportGeneratorConfiguration: Will use date range start date: null, end date: null
2023-12-19 17:01:30,191 INFO o.a.j.r.c.ReportGeneratorConfiguration: Property 'jmeter.reportgenerator.graph.totalTPS.exclude_controllers' not found, using default value 'false' instead.
2023-12-19 17:01:30,191 INFO o.a.j.r.c.ReportGeneratorConfiguration: Property 'jmeter.reportgenerator.graph.activeThreadsOverTime.exclude_controllers' not found, using default value 'false' instead.
2023-12-19 17:01:30,191 INFO o.a.j.r.c.ReportGeneratorConfiguration: Property 'jmeter.reportgenerator.graph.timeVsThreads.exclude_controllers' not found, using default value 'false' instead.
2023-12-19 17:01:30,191 INFO o.a.j.r.c.ReportGeneratorConfiguration: Property 'jmeter.reportgenerator.graph.responseTimeDistribution.exclude_controllers' not found, using default value 'false' instead.
2023-12-19 17:01:30,191 INFO o.a.j.r.c.ReportGeneratorConfiguration: Property 'jmeter.reportgenerator.graph.transactionsPerSecond.exclude_controllers' not found, using default value 'false' instead.
2023-12-19 17:01:30,191 INFO o.a.j.r.c.ReportGeneratorConfiguration: Property 'jmeter.reportgenerator.graph.responseTimePercentiles.exclude_controllers' not found, using default value 'false' instead.
2023-12-19 17:01:30,191 INFO o.a.j.r.c.ReportGeneratorConfiguration: Property 'jmeter.reportgenerator.graph.responseTimePercentilesOverTime.exclude_controllers' not found, using default value 'false' instead.
2023-12-19 17:01:30,191 INFO o.a.j.r.c.ReportGeneratorConfiguration: Property 'jmeter.reportgenerator.graph.responseTimesOverTime.exclude_controllers' not found, using default value 'false' instead.
2023-12-19 17:01:30,191 INFO o.a.j.r.c.ReportGeneratorConfiguration: Property 'jmeter.reportgenerator.graph.connectTimeOverTime.exclude_controllers' not found, using default value 'false' instead.
2023-12-19 17:01:30,191 INFO o.a.j.r.c.ReportGeneratorConfiguration: Property 'jmeter.reportgenerator.graph.latenciesOverTime.exclude_controllers' not found, using default value 'false' instead.
2023-12-19 17:01:30,191 INFO o.a.j.r.c.ReportGeneratorConfiguration: Property 'jmeter.reportgenerator.exporter.json.filters_only_sample_series' not found, using default value 'true' instead.
2023-12-19 17:01:30,191 INFO o.a.j.r.c.ReportGeneratorConfiguration: Property 'jmeter.reportgenerator.exporter.json.series_filter' not found, using default value '' instead.
2023-12-19 17:01:30,191 INFO o.a.j.r.c.ReportGeneratorConfiguration: Property 'jmeter.reportgenerator.exporter.json.show_controllers_only' not found, using default value 'false' instead.
2023-12-19 17:01:30,191 INFO o.a.j.r.c.ReportGeneratorConfiguration: Property 'jmeter.reportgenerator.exporter.html.filters_only_sample_series' not found, using default value 'true' instead.
2023-12-19 17:01:30,191 INFO o.a.j.r.c.ReportGeneratorConfiguration: Property 'jmeter.reportgenerator.exporter.html.series_filter' not found, using default value '' instead.
2023-12-19 17:01:30,191 INFO o.a.j.r.c.ReportGeneratorConfiguration: Property 'jmeter.reportgenerator.exporter.html.show_controllers_only' not found, using default value 'false' instead.
2023-12-19 17:01:30,207 INFO o.a.j.e.StandardJMeterEngine: Running the test!
2023-12-19 17:01:30,207 INFO o.a.j.s.SampleEvent: List of sample_variables: []
2023-12-19 17:01:30,207 INFO o.a.j.s.SampleEvent: List of sample_variables: []
2023-12-19 17:01:30,207 INFO o.a.j.e.u.CompoundVariable: Note: Function class names must contain the string: '.functions.'
2023-12-19 17:01:30,207 INFO o.a.j.e.u.CompoundVariable: Note: Function class names must not contain the string: '.gui.'
2023-12-19 17:01:30,462 INFO o.a.j.JMeter: Running test (1702987290462)
2023-12-19 17:01:30,509 INFO o.a.j.e.StandardJMeterEngine: Starting ThreadGroup: 1 : Users
2023-12-19 17:01:30,509 INFO o.a.j.e.StandardJMeterEngine: Starting 10 threads for group Users.
2023-12-19 17:01:30,509 INFO o.a.j.e.StandardJMeterEngine: Thread will continue on error
2023-12-19 17:01:30,509 INFO o.a.j.t.ThreadGroup: Starting thread group... number=1 threads=10 ramp-up=1 delayedStart=false
2023-12-19 17:01:30,509 INFO o.a.j.t.JMeterThread: Thread started: Users 1-1
2023-12-19 17:01:30,509 INFO o.a.j.t.ThreadGroup: Started thread group number 1
2023-12-19 17:01:30,509 INFO o.a.j.e.StandardJMeterEngine: All thread groups have been started
2023-12-19 17:01:30,525 INFO o.a.j.p.h.s.HTTPHCAbstractImpl: Local host = DESKTOP-2MBE3GG
2023-12-19 17:01:30,540 INFO o.a.j.p.h.s.HTTPHC4Impl: HTTP request retry count = 0
2023-12-19 17:01:30,540 INFO o.a.j.s.SampleResult: Note: Sample TimeStamps are START times
2023-12-19 17:01:30,540 INFO o.a.j.s.SampleResult: sampleresult.default.encoding is set to UTF-8
2023-12-19 17:01:30,540 INFO o.a.j.s.SampleResult: sampleresult.useNanoTime=true
2023-12-19 17:01:30,540 INFO o.a.j.s.SampleResult: sampleresult.nanoThreadSleep=5000
2023-12-19 17:01:30,619 INFO o.a.j.t.JMeterThread: Thread started: Users 1-2
2023-12-19 17:01:30,665 INFO o.a.j.p.h.s.h.LazyLayeredConnectionSocketFactory: Setting up HTTPS TrustAll Socket Factory
2023-12-19 17:01:30,665 INFO o.a.j.u.JsseSSLManager: Using default SSL protocol: TLS
2023-12-19 17:01:30,665 INFO o.a.j.u.JsseSSLManager: SSL session context: per-thread
2023-12-19 17:01:30,712 INFO o.a.j.t.JMeterThread: Thread started: Users 1-3
2023-12-19 17:01:30,822 INFO o.a.j.t.JMeterThread: Thread started: Users 1-4
2023-12-19 17:01:30,915 INFO o.a.j.t.JMeterThread: Thread started: Users 1-5
2023-12-19 17:01:31,009 INFO o.a.j.t.JMeterThread: Thread started: Users 1-6
2023-12-19 17:01:31,072 INFO o.a.j.u.SSLManager: JmeterKeyStore Location:  type JKS
2023-12-19 17:01:31,072 INFO o.a.j.u.SSLManager: KeyStore created OK
2023-12-19 17:01:31,072 WARN o.a.j.u.SSLManager: Keystore file not found, loading empty keystore
2023-12-19 17:01:31,119 INFO o.a.j.t.JMeterThread: Thread started: Users 1-7
2023-12-19 17:01:31,221 INFO o.a.j.t.JMeterThread: Thread started: Users 1-8
2023-12-19 17:01:31,315 INFO o.a.j.t.JMeterThread: Thread started: Users 1-9
2023-12-19 17:01:31,414 INFO o.a.j.t.JMeterThread: Thread started: Users 1-10
2023-12-19 17:01:31,742 INFO o.a.j.t.JMeterThread: Thread is done: Users 1-1
2023-12-19 17:01:31,742 INFO o.a.j.t.JMeterThread: Thread finished: Users 1-1
2023-12-19 17:01:31,742 INFO o.a.j.r.Summariser: summary +      1 in 00:00:01 =    0.8/s Avg:  1122 Min:  1122 Max:  1122 Err:     0 (0.00%) Active: 10 Started: 10 Finished: 0
2023-12-19 17:01:31,742 INFO o.a.j.t.JMeterThread: Thread is done: Users 1-2
2023-12-19 17:01:31,742 INFO o.a.j.t.JMeterThread: Thread finished: Users 1-2
2023-12-19 17:01:31,757 INFO o.a.j.t.JMeterThread: Thread is done: Users 1-7
2023-12-19 17:01:31,757 INFO o.a.j.t.JMeterThread: Thread finished: Users 1-7
2023-12-19 17:01:31,789 INFO o.a.j.t.JMeterThread: Thread is done: Users 1-10
2023-12-19 17:01:31,789 INFO o.a.j.t.JMeterThread: Thread finished: Users 1-10
2023-12-19 17:01:31,992 INFO o.a.j.t.JMeterThread: Thread is done: Users 1-3
2023-12-19 17:01:31,992 INFO o.a.j.t.JMeterThread: Thread finished: Users 1-3
2023-12-19 17:01:32,007 INFO o.a.j.t.JMeterThread: Thread is done: Users 1-5
2023-12-19 17:01:32,007 INFO o.a.j.t.JMeterThread: Thread finished: Users 1-5
2023-12-19 17:01:32,007 INFO o.a.j.t.JMeterThread: Thread is done: Users 1-9
2023-12-19 17:01:32,007 INFO o.a.j.t.JMeterThread: Thread finished: Users 1-9
2023-12-19 17:01:32,007 INFO o.a.j.t.JMeterThread: Thread is done: Users 1-4
2023-12-19 17:01:32,007 INFO o.a.j.t.JMeterThread: Thread finished: Users 1-4
2023-12-19 17:01:32,007 INFO o.a.j.t.JMeterThread: Thread is done: Users 1-8
2023-12-19 17:01:32,007 INFO o.a.j.t.JMeterThread: Thread finished: Users 1-8
2023-12-19 17:01:32,054 INFO o.a.j.t.JMeterThread: Thread is done: Users 1-6
2023-12-19 17:01:32,054 INFO o.a.j.t.JMeterThread: Thread finished: Users 1-6
2023-12-19 17:01:32,054 INFO o.a.j.e.StandardJMeterEngine: Notifying test listeners of end of test
2023-12-19 17:01:32,054 INFO o.a.j.r.Summariser: summary +      9 in 00:00:00 =   28.8/s Avg:   920 Min:   377 Max:  1287 Err:     0 (0.00%) Active: 0 Started: 10 Finished: 10
2023-12-19 17:01:32,054 INFO o.a.j.r.Summariser: summary =     10 in 00:00:02 =    6.3/s Avg:   940 Min:   377 Max:  1287 Err:     0 (0.00%)
2023-12-19 17:01:32,054 INFO o.a.j.JMeter: Generating Dashboard
2023-12-19 17:01:32,054 INFO o.a.j.r.d.ReportGenerator: Flushing result collector before report Generation
2023-12-19 17:01:32,070 INFO o.a.j.r.p.NormalizerSampleConsumer: Using format, 'ms', to parse timeStamp field
2023-12-19 17:01:32,132 INFO o.a.j.r.p.AbstractSampleConsumer: class org.apache.jmeter.report.processor.AggregateConsumer#stopProducing(): beginDate produced 0 samples
2023-12-19 17:01:32,132 INFO o.a.j.r.p.AbstractSampleConsumer: class org.apache.jmeter.report.processor.AggregateConsumer#stopProducing(): endDate produced 0 samples
2023-12-19 17:01:32,132 INFO o.a.j.r.p.AbstractSampleConsumer: class org.apache.jmeter.report.processor.ApdexSummaryConsumer#stopProducing(): apdexSummary produced 0 samples
2023-12-19 17:01:32,132 INFO o.a.j.r.p.AbstractSampleConsumer: class org.apache.jmeter.report.processor.RequestsSummaryConsumer#stopProducing(): requestsSummary produced 0 samples
2023-12-19 17:01:32,132 INFO o.a.j.r.p.AbstractSampleConsumer: class org.apache.jmeter.report.processor.StatisticsSummaryConsumer#stopProducing(): statisticsSummary produced 0 samples
2023-12-19 17:01:32,132 INFO o.a.j.r.p.AbstractSampleConsumer: class org.apache.jmeter.report.processor.Top5ErrorsBySamplerConsumer#stopProducing(): top5ErrorsBySampler produced 0 samples
2023-12-19 17:01:32,132 INFO o.a.j.r.p.AbstractSampleConsumer: class org.apache.jmeter.report.processor.ErrorsSummaryConsumer#stopProducing(): errorsSummary produced 0 samples
2023-12-19 17:01:32,132 INFO o.a.j.r.p.AbstractSampleConsumer: class org.apache.jmeter.report.processor.graph.impl.HitsPerSecondGraphConsumer#stopProducing(): hitsPerSecond produced 0 samples
2023-12-19 17:01:32,148 INFO o.a.j.r.p.AbstractSampleConsumer: class org.apache.jmeter.report.processor.graph.impl.LatencyVSRequestGraphConsumer#stopProducing(): latencyVsRequest produced 0 samples
2023-12-19 17:01:32,148 INFO o.a.j.r.p.AbstractSampleConsumer: class org.apache.jmeter.report.processor.graph.impl.SyntheticResponseTimeDistributionGraphConsumer#stopProducing(): syntheticResponseTimeDistribution produced 0 samples
2023-12-19 17:01:32,148 INFO o.a.j.r.p.AbstractSampleConsumer: class org.apache.jmeter.report.processor.graph.impl.BytesThroughputGraphConsumer#stopProducing(): bytesThroughputOverTime produced 0 samples
2023-12-19 17:01:32,148 INFO o.a.j.r.p.AbstractSampleConsumer: class org.apache.jmeter.report.processor.graph.impl.CodesPerSecondGraphConsumer#stopProducing(): codesPerSecond produced 0 samples
2023-12-19 17:01:32,164 INFO o.a.j.r.p.AbstractSampleConsumer: class org.apache.jmeter.report.processor.graph.impl.ResponseTimeVSRequestGraphConsumer#stopProducing(): responseTimeVsRequest produced 0 samples
2023-12-19 17:01:32,164 INFO o.a.j.r.p.AbstractSampleConsumer: class org.apache.jmeter.report.processor.FilterConsumer#stopProducing(): startIntervalControlerFilter produced 210 samples
2023-12-19 17:01:32,164 INFO o.a.j.r.p.AbstractSampleConsumer: class org.apache.jmeter.report.processor.graph.impl.TotalTPSGraphConsumer#stopProducing(): totalTPS produced 0 samples
2023-12-19 17:01:32,164 INFO o.a.j.r.p.AbstractSampleConsumer: class org.apache.jmeter.report.processor.graph.impl.ActiveThreadsGraphConsumer#stopProducing(): activeThreadsOverTime produced 0 samples
2023-12-19 17:01:32,164 INFO o.a.j.r.p.AbstractSampleConsumer: class org.apache.jmeter.report.processor.graph.impl.TimeVSThreadGraphConsumer#stopProducing(): timeVsThreads produced 0 samples
2023-12-19 17:01:32,164 INFO o.a.j.r.p.AbstractSampleConsumer: class org.apache.jmeter.report.processor.graph.impl.ResponseTimeDistributionGraphConsumer#stopProducing(): responseTimeDistribution produced 0 samples
2023-12-19 17:01:32,164 INFO o.a.j.r.p.AbstractSampleConsumer: class org.apache.jmeter.report.processor.graph.impl.TransactionsPerSecondGraphConsumer#stopProducing(): transactionsPerSecond produced 0 samples
2023-12-19 17:01:32,164 INFO o.a.j.r.p.AbstractSampleConsumer: class org.apache.jmeter.report.processor.graph.impl.ResponseTimePercentilesGraphConsumer#stopProducing(): responseTimePercentiles produced 0 samples
2023-12-19 17:01:32,164 INFO o.a.j.r.p.AbstractSampleConsumer: class org.apache.jmeter.report.processor.graph.impl.ResponseTimePercentilesOverTimeGraphConsumer#stopProducing(): responseTimePercentilesOverTime produced 0 samples
2023-12-19 17:01:32,164 INFO o.a.j.r.p.AbstractSampleConsumer: class org.apache.jmeter.report.processor.graph.impl.ResponseTimeOverTimeGraphConsumer#stopProducing(): responseTimesOverTime produced 0 samples
2023-12-19 17:01:32,164 INFO o.a.j.r.p.AbstractSampleConsumer: class org.apache.jmeter.report.processor.graph.impl.ConnectTimeOverTimeGraphConsumer#stopProducing(): connectTimeOverTime produced 0 samples
2023-12-19 17:01:32,164 INFO o.a.j.r.p.AbstractSampleConsumer: class org.apache.jmeter.report.processor.graph.impl.LatencyOverTimeGraphConsumer#stopProducing(): latenciesOverTime produced 0 samples
2023-12-19 17:01:32,164 INFO o.a.j.r.p.AbstractSampleConsumer: class org.apache.jmeter.report.processor.FilterConsumer#stopProducing(): nameFilter produced 450 samples
2023-12-19 17:01:32,164 INFO o.a.j.r.p.AbstractSampleConsumer: class org.apache.jmeter.report.processor.FilterConsumer#stopProducing(): dateRangeFilter produced 90 samples
2023-12-19 17:01:32,164 INFO o.a.j.r.p.AbstractSampleConsumer: class org.apache.jmeter.report.processor.NormalizerSampleConsumer#stopProducing(): normalizer produced 30 samples
2023-12-19 17:01:32,164 INFO o.a.j.r.p.CsvFileSampleSource: produce(): 30 samples produced in 63ms on channel 0
2023-12-19 17:01:32,164 INFO o.a.j.r.d.ReportGenerator: Exporting data using exporter:'json' of className:'org.apache.jmeter.report.dashboard.JsonExporter'
2023-12-19 17:01:32,289 INFO o.a.j.r.d.JsonExporter: Found data for consumer statisticsSummary in context
2023-12-19 17:01:32,289 INFO o.a.j.r.d.JsonExporter: Creating statistics for overall
2023-12-19 17:01:32,289 INFO o.a.j.r.d.JsonExporter: Creating statistics for other transactions
2023-12-19 17:01:32,289 INFO o.a.j.r.d.JsonExporter: Checking output folder
2023-12-19 17:01:32,289 INFO o.a.j.r.d.JsonExporter: Writing statistics JSON to D:\jmeter\.\res-10\statistics.json
2023-12-19 17:01:32,337 INFO o.a.j.r.d.ReportGenerator: Exporting data using exporter:'html' of className:'org.apache.jmeter.report.dashboard.HtmlTemplateExporter'
2023-12-19 17:01:32,337 INFO o.a.j.r.d.HtmlTemplateExporter: Will generate dashboard in folder: D:\jmeter\.\res-10
2023-12-19 17:01:32,431 INFO o.a.j.r.d.HtmlTemplateExporter: Report will be generated in: D:\jmeter\.\res-10, creating folder structure
2023-12-19 17:01:32,431 INFO o.a.j.r.d.TemplateVisitor: Copying folder from 'D:\jmeter\apache-jmeter-5.6.2\bin\report-template' to 'D:\jmeter\.\res-10', got message: D:\jmeter\.\res-10, found non empty folder with following content [D:\jmeter\.\res-10\statistics.json], will be ignored
2023-12-19 17:01:32,810 INFO o.a.j.JMeter: Dashboard generated
